Added Component: Designator=Arduino1(Arduino UNO R3)
Add component (AddParameter): Name = "Value"; Value = "Cau 1A"; VariantName = "[No Variations]"
Added Component: Designator=C1(CP1/2)
Add component (AddParameter): Name = "Description 1"; Value = "10 => 220uF/6,3V/10V - 10uF => 100uF/16V"; VariantName = "[No Variations]"
Add component (AddParameter): Name = "Description 2"; Value = "0,1uF => 33uF/50V - 10uF => 22uF/63V"; VariantName = "[No Variations]"
Add component (AddParameter): Name = "Description 3"; Value = "0,47uF => 10uF/100V"; VariantName = "[No Variations]"
Add component (AddParameter): Name = "Value"; Value = "10uF/50V"; VariantName = "[No Variations]"
Added Component: Designator=C2(CP1/2)
Add component (AddParameter): Name = "Description 1"; Value = "10 => 220uF/6,3V/10V - 10uF => 100uF/16V"; VariantName = "[No Variations]"
Add component (AddParameter): Name = "Description 2"; Value = "0,1uF => 33uF/50V - 10uF => 22uF/63V"; VariantName = "[No Variations]"
Add component (AddParameter): Name = "Description 3"; Value = "0,47uF => 10uF/100V"; VariantName = "[No Variations]"
Add component (AddParameter): Name = "Value"; Value = "10uF/50V"; VariantName = "[No Variations]"
Added Component: Designator=C3(CP1/2)
Add component (AddParameter): Name = "Description 1"; Value = "10 => 220uF/6,3V/10V - 10uF => 100uF/16V"; VariantName = "[No Variations]"
Add component (AddParameter): Name = "Description 2"; Value = "0,1uF => 33uF/50V - 10uF => 22uF/63V"; VariantName = "[No Variations]"
Add component (AddParameter): Name = "Description 3"; Value = "0,47uF => 10uF/100V"; VariantName = "[No Variations]"
Add component (AddParameter): Name = "Value"; Value = "10uF/50V"; VariantName = "[No Variations]"
Added Component: Designator=D1(D1A)
Add component (AddParameter): Name = "Value"; Value = "1N4007"; VariantName = "[No Variations]"
Added Component: Designator=D2(D1A)
Add component (AddParameter): Name = "Value"; Value = "1N4007"; VariantName = "[No Variations]"
Added Component: Designator=IC1(DIP8)
Add component (AddParameter): Name = "Value"; Value = "LM358"; VariantName = "[No Variations]"
Added Component: Designator=JP1(CON2)
Add component (AddParameter): Name = "Value"; Value = "Connector 2"; VariantName = "[No Variations]"
Added Component: Designator=JP2(CON2)
Add component (AddParameter): Name = "Value"; Value = "Connector 2"; VariantName = "[No Variations]"
Added Component: Designator=LED1(LED-3)
Add component (AddParameter): Name = "Value"; Value = "LED 3 ly Single Colour"; VariantName = "[No Variations]"
Added Component: Designator=LED2(LED-3)
Add component (AddParameter): Name = "Value"; Value = "LED 3 ly Single Colour"; VariantName = "[No Variations]"
Added Component: Designator=LED3(LED-3)
Add component (AddParameter): Name = "Value"; Value = "LED 3 ly Single Colour"; VariantName = "[No Variations]"
Added Component: Designator=LED4(LED-3)
Add component (AddParameter): Name = "Value"; Value = "LED 3 ly Single Colour"; VariantName = "[No Variations]"
Added Component: Designator=LED5(LED-3)
Add component (AddParameter): Name = "Value"; Value = "LED 3 ly Single Colour"; VariantName = "[No Variations]"
Added Component: Designator=LED6(LED-3)
Add component (AddParameter): Name = "Value"; Value = "LED 3 ly Single Colour"; VariantName = "[No Variations]"
Added Component: Designator=LED7(LED-3)
Add component (AddParameter): Name = "Value"; Value = "LED 3 ly Single Colour"; VariantName = "[No Variations]"
Added Component: Designator=R1(R1/4W)
Add component (AddParameter): Name = "Value"; Value = "R1/4W - 1K"; VariantName = "[No Variations]"
Added Component: Designator=R2(R1/4W)
Add component (AddParameter): Name = "Value"; Value = "R1/4W - 1K"; VariantName = "[No Variations]"
Added Component: Designator=R3(R1/4W)
Add component (AddParameter): Name = "Value"; Value = "R1/4W - 1K"; VariantName = "[No Variations]"
Added Component: Designator=R4(R1/4W)
Add component (AddParameter): Name = "Value"; Value = "R1/4W - 1K"; VariantName = "[No Variations]"
Added Component: Designator=R5(R1/4W)
Add component (AddParameter): Name = "Value"; Value = "R1/4W - 1K"; VariantName = "[No Variations]"
Added Component: Designator=R6(R1/4W)
Add component (AddParameter): Name = "Value"; Value = "R1/4W - 1K"; VariantName = "[No Variations]"
Added Component: Designator=R7(R1/4W)
Add component (AddParameter): Name = "Value"; Value = "R1/4W - 1K"; VariantName = "[No Variations]"
Added Component: Designator=R8(R1/4W)
Add component (AddParameter): Name = "Value"; Value = "R1/4W - 1K"; VariantName = "[No Variations]"
Added Component: Designator=R9(R1/4W)
Add component (AddParameter): Name = "Value"; Value = "R1/4W - 1K"; VariantName = "[No Variations]"
Added Component: Designator=R10(R1/4W)
Add component (AddParameter): Name = "Value"; Value = "R1/4W - 1K"; VariantName = "[No Variations]"
Added Component: Designator=R11(R1/4W)
Add component (AddParameter): Name = "Value"; Value = "R1/4W - 1K"; VariantName = "[No Variations]"
Added Component: Designator=R12(R1/4W)
Add component (AddParameter): Name = "Value"; Value = "R1/4W - 1K"; VariantName = "[No Variations]"
Added Component: Designator=R13(R1/4W)
Add component (AddParameter): Name = "Value"; Value = "R1/4W - 1K"; VariantName = "[No Variations]"
Added Component: Designator=R14(R1/4W)
Add component (AddParameter): Name = "Value"; Value = "R1/4W - 1K"; VariantName = "[No Variations]"
Added Pin To Net: NetName=12V Pin=Arduino1-Vin
Added Pin To Net: NetName=12V Pin=C3-1
Added Pin To Net: NetName=12V Pin=D2-2
Added Pin To Net: NetName=12V Pin=IC1-4
Added Pin To Net: NetName=12V Pin=R3-2
Added Pin To Net: NetName=12V Pin=R4-2
Added Net: Name=12V
Added Pin To Net: NetName=ADC Pin=Arduino1-A0
Added Pin To Net: NetName=ADC Pin=IC1-7
Added Pin To Net: NetName=ADC Pin=LED1-1
Added Net: Name=ADC
Added Pin To Net: NetName=GND Pin=C2-2
Added Pin To Net: NetName=GND Pin=C3-2
Added Pin To Net: NetName=GND Pin=IC1-8
Added Pin To Net: NetName=GND Pin=JP1-1
Added Pin To Net: NetName=GND Pin=JP2-1
Added Pin To Net: NetName=GND Pin=LED2-2
Added Pin To Net: NetName=GND Pin=LED3-2
Added Pin To Net: NetName=GND Pin=LED4-2
Added Pin To Net: NetName=GND Pin=LED5-2
Added Pin To Net: NetName=GND Pin=LED6-2
Added Pin To Net: NetName=GND Pin=LED7-2
Added Pin To Net: NetName=GND Pin=R1-2
Added Pin To Net: NetName=GND Pin=R5-1
Added Pin To Net: NetName=GND Pin=R6-1
Added Pin To Net: NetName=GND Pin=R7-1
Added Pin To Net: NetName=GND Pin=R8-2
Added Net: Name=GND
Added Pin To Net: NetName=NetArduino1_1-TX Pin=Arduino1-1-TX
Added Pin To Net: NetName=NetArduino1_1-TX Pin=R14-2
Added Net: Name=NetArduino1_1-TX
Added Pin To Net: NetName=NetArduino1_2 Pin=Arduino1-2
Added Pin To Net: NetName=NetArduino1_2 Pin=R13-2
Added Net: Name=NetArduino1_2
Added Pin To Net: NetName=NetArduino1_4 Pin=Arduino1-4
Added Pin To Net: NetName=NetArduino1_4 Pin=R11-2
Added Net: Name=NetArduino1_4
Added Pin To Net: NetName=NetArduino1_~3 Pin=Arduino1-~3
Added Pin To Net: NetName=NetArduino1_~3 Pin=R12-2
Added Net: Name=NetArduino1_~3
Added Pin To Net: NetName=NetArduino1_~5 Pin=Arduino1-~5
Added Pin To Net: NetName=NetArduino1_~5 Pin=R10-2
Added Net: Name=NetArduino1_~5
Added Pin To Net: NetName=NetArduino1_~6 Pin=Arduino1-~6
Added Pin To Net: NetName=NetArduino1_~6 Pin=R9-2
Added Net: Name=NetArduino1_~6
Added Pin To Net: NetName=NetC1_1 Pin=C1-1
Added Pin To Net: NetName=NetC1_1 Pin=JP1-2
Added Pin To Net: NetName=NetC1_1 Pin=R3-1
Added Net: Name=NetC1_1
Added Pin To Net: NetName=NetC1_2 Pin=C1-2
Added Pin To Net: NetName=NetC1_2 Pin=IC1-3
Added Pin To Net: NetName=NetC1_2 Pin=R5-2
Added Net: Name=NetC1_2
Added Pin To Net: NetName=NetC2_1 Pin=C2-1
Added Pin To Net: NetName=NetC2_1 Pin=D1-2
Added Pin To Net: NetName=NetC2_1 Pin=IC1-5
Added Pin To Net: NetName=NetC2_1 Pin=R6-2
Added Net: Name=NetC2_1
Added Pin To Net: NetName=NetD1_1 Pin=D1-1
Added Pin To Net: NetName=NetD1_1 Pin=IC1-1
Added Pin To Net: NetName=NetD1_1 Pin=R2-1
Added Net: Name=NetD1_1
Added Pin To Net: NetName=NetD2_1 Pin=D2-1
Added Pin To Net: NetName=NetD2_1 Pin=JP2-2
Added Net: Name=NetD2_1
Added Pin To Net: NetName=NetIC1_2 Pin=IC1-2
Added Pin To Net: NetName=NetIC1_2 Pin=R1-1
Added Pin To Net: NetName=NetIC1_2 Pin=R2-2
Added Net: Name=NetIC1_2
Added Pin To Net: NetName=NetIC1_6 Pin=IC1-6
Added Pin To Net: NetName=NetIC1_6 Pin=R4-1
Added Pin To Net: NetName=NetIC1_6 Pin=R7-2
Added Net: Name=NetIC1_6
Added Pin To Net: NetName=NetLED1_2 Pin=LED1-2
Added Pin To Net: NetName=NetLED1_2 Pin=R8-1
Added Net: Name=NetLED1_2
Added Pin To Net: NetName=NetLED2_1 Pin=LED2-1
Added Pin To Net: NetName=NetLED2_1 Pin=R9-1
Added Net: Name=NetLED2_1
Added Pin To Net: NetName=NetLED3_1 Pin=LED3-1
Added Pin To Net: NetName=NetLED3_1 Pin=R10-1
Added Net: Name=NetLED3_1
Added Pin To Net: NetName=NetLED4_1 Pin=LED4-1
Added Pin To Net: NetName=NetLED4_1 Pin=R11-1
Added Net: Name=NetLED4_1
Added Pin To Net: NetName=NetLED5_1 Pin=LED5-1
Added Pin To Net: NetName=NetLED5_1 Pin=R12-1
Added Net: Name=NetLED5_1
Added Pin To Net: NetName=NetLED6_1 Pin=LED6-1
Added Pin To Net: NetName=NetLED6_1 Pin=R13-1
Added Net: Name=NetLED6_1
Added Pin To Net: NetName=NetLED7_1 Pin=LED7-1
Added Pin To Net: NetName=NetLED7_1 Pin=R14-1
Added Net: Name=NetLED7_1
Added Class: Name=Sheet2
Added Room: Name=Sheet2
